DEBUG - 2026-04-29 07:44:17 --> Session: Class initialized using 'CodeIgniter\Session\Handlers\FileHandler' driver.
DEBUG - 2026-04-29 07:44:17 --> Session: Class initialized using 'CodeIgniter\Session\Handlers\FileHandler' driver.
DEBUG - 2026-04-29 07:44:20 --> Session: Class initialized using 'CodeIgniter\Session\Handlers\FileHandler' driver.
DEBUG - 2026-04-29 07:44:22 --> Session: Class initialized using 'CodeIgniter\Session\Handlers\FileHandler' driver.
DEBUG - 2026-04-29 07:52:57 --> Session: Class initialized using 'CodeIgniter\Session\Handlers\FileHandler' driver.
INFO - 2026-04-29 07:53:17 --> CSRF token verified.
DEBUG - 2026-04-29 07:53:17 --> Session: Class initialized using 'CodeIgniter\Session\Handlers\FileHandler' driver.
DEBUG - 2026-04-29 07:53:18 --> Session: Class initialized using 'CodeIgniter\Session\Handlers\FileHandler' driver.
INFO - 2026-04-29 07:53:22 --> CSRF token verified.
DEBUG - 2026-04-29 07:53:22 --> Session: Class initialized using 'CodeIgniter\Session\Handlers\FileHandler' driver.
DEBUG - 2026-04-29 07:53:23 --> Session: Class initialized using 'CodeIgniter\Session\Handlers\FileHandler' driver.
DEBUG - 2026-04-29 07:53:27 --> Session: Class initialized using 'CodeIgniter\Session\Handlers\FileHandler' driver.
DEBUG - 2026-04-29 07:53:29 --> Session: Class initialized using 'CodeIgniter\Session\Handlers\FileHandler' driver.
DEBUG - 2026-04-29 07:53:31 --> Session: Class initialized using 'CodeIgniter\Session\Handlers\FileHandler' driver.
DEBUG - 2026-04-29 07:53:36 --> Session: Class initialized using 'CodeIgniter\Session\Handlers\FileHandler' driver.
DEBUG - 2026-04-29 07:53:46 --> Session: Class initialized using 'CodeIgniter\Session\Handlers\FileHandler' driver.
DEBUG - 2026-04-29 07:54:08 --> Session: Class initialized using 'CodeIgniter\Session\Handlers\FileHandler' driver.
DEBUG - 2026-04-29 07:54:09 --> Session: Class initialized using 'CodeIgniter\Session\Handlers\FileHandler' driver.
DEBUG - 2026-04-29 07:54:11 --> Session: Class initialized using 'CodeIgniter\Session\Handlers\FileHandler' driver.
DEBUG - 2026-04-29 07:54:38 --> Session: Class initialized using 'CodeIgniter\Session\Handlers\FileHandler' driver.
DEBUG - 2026-04-29 07:54:39 --> Session: Class initialized using 'CodeIgniter\Session\Handlers\FileHandler' driver.
INFO - 2026-04-29 07:54:53 --> CSRF token verified.
DEBUG - 2026-04-29 07:54:53 --> Session: Class initialized using 'CodeIgniter\Session\Handlers\FileHandler' driver.
DEBUG - 2026-04-29 07:54:53 --> Session: Class initialized using 'CodeIgniter\Session\Handlers\FileHandler' driver.
DEBUG - 2026-04-29 07:54:57 --> Session: Class initialized using 'CodeIgniter\Session\Handlers\FileHandler' driver.
DEBUG - 2026-04-29 07:54:58 --> Session: Class initialized using 'CodeIgniter\Session\Handlers\FileHandler' driver.
INFO - 2026-04-29 07:55:07 --> CSRF token verified.
DEBUG - 2026-04-29 07:55:07 --> Session: Class initialized using 'CodeIgniter\Session\Handlers\FileHandler' driver.
DEBUG - 2026-04-29 07:55:07 --> Session: Class initialized using 'CodeIgniter\Session\Handlers\FileHandler' driver.
INFO - 2026-04-29 07:55:12 --> CSRF token verified.
DEBUG - 2026-04-29 07:55:12 --> Session: Class initialized using 'CodeIgniter\Session\Handlers\FileHandler' driver.
DEBUG - 2026-04-29 07:55:12 --> Session: Class initialized using 'CodeIgniter\Session\Handlers\FileHandler' driver.
DEBUG - 2026-04-29 07:55:51 --> Session: Class initialized using 'CodeIgniter\Session\Handlers\FileHandler' driver.
DEBUG - 2026-04-29 07:56:14 --> Session: Class initialized using 'CodeIgniter\Session\Handlers\FileHandler' driver.
DEBUG - 2026-04-29 07:56:47 --> Session: Class initialized using 'CodeIgniter\Session\Handlers\FileHandler' driver.
DEBUG - 2026-04-29 07:56:56 --> Session: Class initialized using 'CodeIgniter\Session\Handlers\FileHandler' driver.
INFO - 2026-04-29 07:57:31 --> CSRF token verified.
DEBUG - 2026-04-29 07:57:31 --> Session: Class initialized using 'CodeIgniter\Session\Handlers\FileHandler' driver.
DEBUG - 2026-04-29 07:57:32 --> Session: Class initialized using 'CodeIgniter\Session\Handlers\FileHandler' driver.
DEBUG - 2026-04-29 07:57:38 --> Session: Class initialized using 'CodeIgniter\Session\Handlers\FileHandler' driver.
DEBUG - 2026-04-29 07:58:26 --> Session: Class initialized using 'CodeIgniter\Session\Handlers\FileHandler' driver.
DEBUG - 2026-04-29 07:59:07 --> Session: Class initialized using 'CodeIgniter\Session\Handlers\FileHandler' driver.
DEBUG - 2026-04-29 07:59:16 --> Session: Class initialized using 'CodeIgniter\Session\Handlers\FileHandler' driver.
DEBUG - 2026-04-29 07:59:29 --> Session: Class initialized using 'CodeIgniter\Session\Handlers\FileHandler' driver.
DEBUG - 2026-04-29 08:02:43 --> Session: Class initialized using 'CodeIgniter\Session\Handlers\FileHandler' driver.
DEBUG - 2026-04-29 08:06:53 --> Session: Class initialized using 'CodeIgniter\Session\Handlers\FileHandler' driver.
DEBUG - 2026-04-29 08:06:54 --> Session: Class initialized using 'CodeIgniter\Session\Handlers\FileHandler' driver.
DEBUG - 2026-04-29 08:07:03 --> Session: Class initialized using 'CodeIgniter\Session\Handlers\FileHandler' driver.
DEBUG - 2026-04-29 08:07:07 --> Session: Class initialized using 'CodeIgniter\Session\Handlers\FileHandler' driver.
DEBUG - 2026-04-29 08:07:08 --> Session: Class initialized using 'CodeIgniter\Session\Handlers\FileHandler' driver.
DEBUG - 2026-04-29 08:07:09 --> Session: Class initialized using 'CodeIgniter\Session\Handlers\FileHandler' driver.
DEBUG - 2026-04-29 08:07:13 --> Session: Class initialized using 'CodeIgniter\Session\Handlers\FileHandler' driver.
DEBUG - 2026-04-29 08:28:07 --> Session: Class initialized using 'CodeIgniter\Session\Handlers\FileHandler' driver.
DEBUG - 2026-04-29 08:28:09 --> Session: Class initialized using 'CodeIgniter\Session\Handlers\FileHandler' driver.
DEBUG - 2026-04-29 08:28:09 --> Session: Class initialized using 'CodeIgniter\Session\Handlers\FileHandler' driver.
DEBUG - 2026-04-29 08:28:16 --> Session: Class initialized using 'CodeIgniter\Session\Handlers\FileHandler' driver.
DEBUG - 2026-04-29 08:28:20 --> Session: Class initialized using 'CodeIgniter\Session\Handlers\FileHandler' driver.
DEBUG - 2026-04-29 08:30:40 --> Session: Class initialized using 'CodeIgniter\Session\Handlers\FileHandler' driver.
DEBUG - 2026-04-29 08:30:40 --> Session: Class initialized using 'CodeIgniter\Session\Handlers\FileHandler' driver.
DEBUG - 2026-04-29 08:30:44 --> Session: Class initialized using 'CodeIgniter\Session\Handlers\FileHandler' driver.
DEBUG - 2026-04-29 08:30:47 --> Session: Class initialized using 'CodeIgniter\Session\Handlers\FileHandler' driver.
DEBUG - 2026-04-29 08:31:14 --> Session: Class initialized using 'CodeIgniter\Session\Handlers\FileHandler' driver.
DEBUG - 2026-04-29 08:31:56 --> Session: Class initialized using 'CodeIgniter\Session\Handlers\FileHandler' driver.
DEBUG - 2026-04-29 08:31:58 --> Session: Class initialized using 'CodeIgniter\Session\Handlers\FileHandler' driver.
DEBUG - 2026-04-29 08:32:04 --> Session: Class initialized using 'CodeIgniter\Session\Handlers\FileHandler' driver.
DEBUG - 2026-04-29 08:33:13 --> Session: Class initialized using 'CodeIgniter\Session\Handlers\FileHandler' driver.
INFO - 2026-04-29 08:33:38 --> CSRF token verified.
DEBUG - 2026-04-29 08:33:38 --> Session: Class initialized using 'CodeIgniter\Session\Handlers\FileHandler' driver.
DEBUG - 2026-04-29 08:33:39 --> Session: Class initialized using 'CodeIgniter\Session\Handlers\FileHandler' driver.
DEBUG - 2026-04-29 08:33:41 --> Session: Class initialized using 'CodeIgniter\Session\Handlers\FileHandler' driver.
INFO - 2026-04-29 08:34:03 --> CSRF token verified.
DEBUG - 2026-04-29 08:34:03 --> Session: Class initialized using 'CodeIgniter\Session\Handlers\FileHandler' driver.
DEBUG - 2026-04-29 08:34:03 --> Session: Class initialized using 'CodeIgniter\Session\Handlers\FileHandler' driver.
DEBUG - 2026-04-29 08:34:28 --> Session: Class initialized using 'CodeIgniter\Session\Handlers\FileHandler' driver.
DEBUG - 2026-04-29 08:34:38 --> Session: Class initialized using 'CodeIgniter\Session\Handlers\FileHandler' driver.
DEBUG - 2026-04-29 08:43:55 --> Session: Class initialized using 'CodeIgniter\Session\Handlers\FileHandler' driver.
DEBUG - 2026-04-29 09:01:33 --> Session: Class initialized using 'CodeIgniter\Session\Handlers\FileHandler' driver.
DEBUG - 2026-04-29 09:01:33 --> Session: Class initialized using 'CodeIgniter\Session\Handlers\FileHandler' driver.
DEBUG - 2026-04-29 09:01:33 --> Session: Class initialized using 'CodeIgniter\Session\Handlers\FileHandler' driver.
DEBUG - 2026-04-29 09:01:57 --> Session: Class initialized using 'CodeIgniter\Session\Handlers\FileHandler' driver.
INFO - 2026-04-29 09:01:58 --> CSRF token verified.
DEBUG - 2026-04-29 09:01:58 --> Session: Class initialized using 'CodeIgniter\Session\Handlers\FileHandler' driver.
ERROR - 2026-04-29 09:02:01 --> Email: sendWithMail throwed ErrorException: mail(): Failed to connect to mailserver at &quot;localhost&quot; port 25, verify your &quot;SMTP&quot; and &quot;smtp_port&quot; setting in php.ini or use ini_set() in C:\Users\Admin\Desktop\Lodging-Management-System\vendor\codeigniter4\framework\system\Email\Email.php:1776
Stack trace:
#0 [internal function]: CodeIgniter\Debug\Exceptions->errorHandler(2, 'mail(): Failed ...', 'C:\\Users\\Admin\\...', 1776)
#1 C:\Users\Admin\Desktop\Lodging-Management-System\vendor\codeigniter4\framework\system\Email\Email.php(1776): mail('maria@example.c...', '=?UTF-8?Q?Your=...', 'Hello Maria San...', 'Date: Wed, 29 A...', '-f no-reply@lod...')
#2 C:\Users\Admin\Desktop\Lodging-Management-System\vendor\codeigniter4\framework\system\Email\Email.php(1708): CodeIgniter\Email\Email->sendWithMail()
#3 C:\Users\Admin\Desktop\Lodging-Management-System\vendor\codeigniter4\framework\system\Email\Email.php(1602): CodeIgniter\Email\Email->spoolEmail()
#4 C:\Users\Admin\Desktop\Lodging-Management-System\app\Controllers\PasswordResetController.php(463): CodeIgniter\Email\Email->send(false)
#5 C:\Users\Admin\Desktop\Lodging-Management-System\app\Controllers\PasswordResetController.php(439): App\Controllers\PasswordResetController->sendEmailOtp('maria@example.c...', 'Maria Santos', '222010')
#6 C:\Users\Admin\Desktop\Lodging-Management-System\app\Controllers\PasswordResetController.php(162): App\Controllers\PasswordResetController->deliverOtp('tenant', Array, 'email', 'maria@example.c...', '222010')
#7 C:\Users\Admin\Desktop\Lodging-Management-System\app\Controllers\PasswordResetController.php(27): App\Controllers\PasswordResetController->requestReset('tenant')
#8 C:\Users\Admin\Desktop\Lodging-Management-System\vendor\codeigniter4\framework\system\CodeIgniter.php(951): App\Controllers\PasswordResetController->requestTenant()
#9 C:\Users\Admin\Desktop\Lodging-Management-System\vendor\codeigniter4\framework\system\CodeIgniter.php(497): CodeIgniter\CodeIgniter->runController(Object(App\Controllers\PasswordResetController))
#10 C:\Users\Admin\Desktop\Lodging-Management-System\vendor\codeigniter4\framework\system\CodeIgniter.php(340): CodeIgniter\CodeIgniter->handleRequest(NULL, Object(Config\Cache), false)
#11 C:\Users\Admin\Desktop\Lodging-Management-System\vendor\codeigniter4\framework\system\Boot.php(417): CodeIgniter\CodeIgniter->run()
#12 C:\Users\Admin\Desktop\Lodging-Management-System\vendor\codeigniter4\framework\system\Boot.php(68): CodeIgniter\Boot::runCodeIgniter(Object(CodeIgniter\CodeIgniter))
#13 C:\Users\Admin\Desktop\Lodging-Management-System\public\index.php(59): CodeIgniter\Boot::bootWeb(Object(Config\Paths))
#14 C:\Users\Admin\Desktop\Lodging-Management-System\vendor\codeigniter4\framework\system\rewrite.php(44): require_once('C:\\Users\\Admin\\...')
#15 {main}
ERROR - 2026-04-29 09:02:01 --> Email: Unable to send email using PHP mail(). Your server might not be configured to send mail using this method.
ERROR - 2026-04-29 09:02:01 --> 
NOTICE - 2026-04-29 09:02:01 --> Development password reset email OTP for m****@example.com: 222010
DEBUG - 2026-04-29 09:02:38 --> Session: Class initialized using 'CodeIgniter\Session\Handlers\FileHandler' driver.
INFO - 2026-04-29 09:02:39 --> CSRF token verified.
DEBUG - 2026-04-29 09:02:39 --> Session: Class initialized using 'CodeIgniter\Session\Handlers\FileHandler' driver.
ERROR - 2026-04-29 09:02:42 --> Email: sendWithMail throwed ErrorException: mail(): Failed to connect to mailserver at &quot;localhost&quot; port 25, verify your &quot;SMTP&quot; and &quot;smtp_port&quot; setting in php.ini or use ini_set() in C:\Users\Admin\Desktop\Lodging-Management-System\vendor\codeigniter4\framework\system\Email\Email.php:1776
Stack trace:
#0 [internal function]: CodeIgniter\Debug\Exceptions->errorHandler(2, 'mail(): Failed ...', 'C:\\Users\\Admin\\...', 1776)
#1 C:\Users\Admin\Desktop\Lodging-Management-System\vendor\codeigniter4\framework\system\Email\Email.php(1776): mail('maria@example.c...', '=?UTF-8?Q?Your=...', 'Hello Maria San...', 'Date: Wed, 29 A...', '-f no-reply@lod...')
#2 C:\Users\Admin\Desktop\Lodging-Management-System\vendor\codeigniter4\framework\system\Email\Email.php(1708): CodeIgniter\Email\Email->sendWithMail()
#3 C:\Users\Admin\Desktop\Lodging-Management-System\vendor\codeigniter4\framework\system\Email\Email.php(1602): CodeIgniter\Email\Email->spoolEmail()
#4 C:\Users\Admin\Desktop\Lodging-Management-System\app\Controllers\PasswordResetController.php(463): CodeIgniter\Email\Email->send(false)
#5 C:\Users\Admin\Desktop\Lodging-Management-System\app\Controllers\PasswordResetController.php(439): App\Controllers\PasswordResetController->sendEmailOtp('maria@example.c...', 'Maria Santos', '832381')
#6 C:\Users\Admin\Desktop\Lodging-Management-System\app\Controllers\PasswordResetController.php(162): App\Controllers\PasswordResetController->deliverOtp('tenant', Array, 'email', 'maria@example.c...', '832381')
#7 C:\Users\Admin\Desktop\Lodging-Management-System\app\Controllers\PasswordResetController.php(27): App\Controllers\PasswordResetController->requestReset('tenant')
#8 C:\Users\Admin\Desktop\Lodging-Management-System\vendor\codeigniter4\framework\system\CodeIgniter.php(951): App\Controllers\PasswordResetController->requestTenant()
#9 C:\Users\Admin\Desktop\Lodging-Management-System\vendor\codeigniter4\framework\system\CodeIgniter.php(497): CodeIgniter\CodeIgniter->runController(Object(App\Controllers\PasswordResetController))
#10 C:\Users\Admin\Desktop\Lodging-Management-System\vendor\codeigniter4\framework\system\CodeIgniter.php(340): CodeIgniter\CodeIgniter->handleRequest(NULL, Object(Config\Cache), false)
#11 C:\Users\Admin\Desktop\Lodging-Management-System\vendor\codeigniter4\framework\system\Boot.php(417): CodeIgniter\CodeIgniter->run()
#12 C:\Users\Admin\Desktop\Lodging-Management-System\vendor\codeigniter4\framework\system\Boot.php(68): CodeIgniter\Boot::runCodeIgniter(Object(CodeIgniter\CodeIgniter))
#13 C:\Users\Admin\Desktop\Lodging-Management-System\public\index.php(59): CodeIgniter\Boot::bootWeb(Object(Config\Paths))
#14 C:\Users\Admin\Desktop\Lodging-Management-System\vendor\codeigniter4\framework\system\rewrite.php(44): require_once('C:\\Users\\Admin\\...')
#15 {main}
ERROR - 2026-04-29 09:02:42 --> Email: Unable to send email using PHP mail(). Your server might not be configured to send mail using this method.
ERROR - 2026-04-29 09:02:42 --> 
NOTICE - 2026-04-29 09:02:42 --> Development password reset email OTP for m****@example.com: 832381
DEBUG - 2026-04-29 09:03:05 --> Session: Class initialized using 'CodeIgniter\Session\Handlers\FileHandler' driver.
INFO - 2026-04-29 09:03:06 --> CSRF token verified.
DEBUG - 2026-04-29 09:03:06 --> Session: Class initialized using 'CodeIgniter\Session\Handlers\FileHandler' driver.
ERROR - 2026-04-29 09:03:09 --> Email: sendWithMail throwed ErrorException: mail(): Failed to connect to mailserver at &quot;localhost&quot; port 25, verify your &quot;SMTP&quot; and &quot;smtp_port&quot; setting in php.ini or use ini_set() in C:\Users\Admin\Desktop\Lodging-Management-System\vendor\codeigniter4\framework\system\Email\Email.php:1776
Stack trace:
#0 [internal function]: CodeIgniter\Debug\Exceptions->errorHandler(2, 'mail(): Failed ...', 'C:\\Users\\Admin\\...', 1776)
#1 C:\Users\Admin\Desktop\Lodging-Management-System\vendor\codeigniter4\framework\system\Email\Email.php(1776): mail('maria@example.c...', '=?UTF-8?Q?Your=...', 'Hello Maria San...', 'Date: Wed, 29 A...', '-f no-reply@lod...')
#2 C:\Users\Admin\Desktop\Lodging-Management-System\vendor\codeigniter4\framework\system\Email\Email.php(1708): CodeIgniter\Email\Email->sendWithMail()
#3 C:\Users\Admin\Desktop\Lodging-Management-System\vendor\codeigniter4\framework\system\Email\Email.php(1602): CodeIgniter\Email\Email->spoolEmail()
#4 C:\Users\Admin\Desktop\Lodging-Management-System\app\Controllers\PasswordResetController.php(463): CodeIgniter\Email\Email->send(false)
#5 C:\Users\Admin\Desktop\Lodging-Management-System\app\Controllers\PasswordResetController.php(439): App\Controllers\PasswordResetController->sendEmailOtp('maria@example.c...', 'Maria Santos', '341894')
#6 C:\Users\Admin\Desktop\Lodging-Management-System\app\Controllers\PasswordResetController.php(162): App\Controllers\PasswordResetController->deliverOtp('tenant', Array, 'email', 'maria@example.c...', '341894')
#7 C:\Users\Admin\Desktop\Lodging-Management-System\app\Controllers\PasswordResetController.php(27): App\Controllers\PasswordResetController->requestReset('tenant')
#8 C:\Users\Admin\Desktop\Lodging-Management-System\vendor\codeigniter4\framework\system\CodeIgniter.php(951): App\Controllers\PasswordResetController->requestTenant()
#9 C:\Users\Admin\Desktop\Lodging-Management-System\vendor\codeigniter4\framework\system\CodeIgniter.php(497): CodeIgniter\CodeIgniter->runController(Object(App\Controllers\PasswordResetController))
#10 C:\Users\Admin\Desktop\Lodging-Management-System\vendor\codeigniter4\framework\system\CodeIgniter.php(340): CodeIgniter\CodeIgniter->handleRequest(NULL, Object(Config\Cache), false)
#11 C:\Users\Admin\Desktop\Lodging-Management-System\vendor\codeigniter4\framework\system\Boot.php(417): CodeIgniter\CodeIgniter->run()
#12 C:\Users\Admin\Desktop\Lodging-Management-System\vendor\codeigniter4\framework\system\Boot.php(68): CodeIgniter\Boot::runCodeIgniter(Object(CodeIgniter\CodeIgniter))
#13 C:\Users\Admin\Desktop\Lodging-Management-System\public\index.php(59): CodeIgniter\Boot::bootWeb(Object(Config\Paths))
#14 C:\Users\Admin\Desktop\Lodging-Management-System\vendor\codeigniter4\framework\system\rewrite.php(44): require_once('C:\\Users\\Admin\\...')
#15 {main}
ERROR - 2026-04-29 09:03:09 --> Email: Unable to send email using PHP mail(). Your server might not be configured to send mail using this method.
ERROR - 2026-04-29 09:03:09 --> 
NOTICE - 2026-04-29 09:03:09 --> Development password reset email OTP for m****@example.com: 341894
DEBUG - 2026-04-29 09:03:10 --> Session: Class initialized using 'CodeIgniter\Session\Handlers\FileHandler' driver.
INFO - 2026-04-29 09:03:11 --> CSRF token verified.
DEBUG - 2026-04-29 09:03:11 --> Session: Class initialized using 'CodeIgniter\Session\Handlers\FileHandler' driver.
DEBUG - 2026-04-29 09:03:12 --> Session: Class initialized using 'CodeIgniter\Session\Handlers\FileHandler' driver.
INFO - 2026-04-29 09:03:13 --> CSRF token verified.
DEBUG - 2026-04-29 09:03:13 --> Session: Class initialized using 'CodeIgniter\Session\Handlers\FileHandler' driver.
DEBUG - 2026-04-29 09:03:29 --> Session: Class initialized using 'CodeIgniter\Session\Handlers\FileHandler' driver.
INFO - 2026-04-29 09:03:30 --> CSRF token verified.
DEBUG - 2026-04-29 09:03:30 --> Session: Class initialized using 'CodeIgniter\Session\Handlers\FileHandler' driver.
ERROR - 2026-04-29 09:03:32 --> Email: sendWithMail throwed ErrorException: mail(): Failed to connect to mailserver at &quot;localhost&quot; port 25, verify your &quot;SMTP&quot; and &quot;smtp_port&quot; setting in php.ini or use ini_set() in C:\Users\Admin\Desktop\Lodging-Management-System\vendor\codeigniter4\framework\system\Email\Email.php:1776
Stack trace:
#0 [internal function]: CodeIgniter\Debug\Exceptions->errorHandler(2, 'mail(): Failed ...', 'C:\\Users\\Admin\\...', 1776)
#1 C:\Users\Admin\Desktop\Lodging-Management-System\vendor\codeigniter4\framework\system\Email\Email.php(1776): mail('admin@lodging.t...', '=?UTF-8?Q?Your=...', 'Hello Demo Mana...', 'Date: Wed, 29 A...', '-f no-reply@lod...')
#2 C:\Users\Admin\Desktop\Lodging-Management-System\vendor\codeigniter4\framework\system\Email\Email.php(1708): CodeIgniter\Email\Email->sendWithMail()
#3 C:\Users\Admin\Desktop\Lodging-Management-System\vendor\codeigniter4\framework\system\Email\Email.php(1602): CodeIgniter\Email\Email->spoolEmail()
#4 C:\Users\Admin\Desktop\Lodging-Management-System\app\Controllers\PasswordResetController.php(463): CodeIgniter\Email\Email->send(false)
#5 C:\Users\Admin\Desktop\Lodging-Management-System\app\Controllers\PasswordResetController.php(439): App\Controllers\PasswordResetController->sendEmailOtp('admin@lodging.t...', 'Demo Manager', '290660')
#6 C:\Users\Admin\Desktop\Lodging-Management-System\app\Controllers\PasswordResetController.php(162): App\Controllers\PasswordResetController->deliverOtp('admin', Array, 'email', 'admin@lodging.t...', '290660')
#7 C:\Users\Admin\Desktop\Lodging-Management-System\app\Controllers\PasswordResetController.php(62): App\Controllers\PasswordResetController->requestReset('admin')
#8 C:\Users\Admin\Desktop\Lodging-Management-System\vendor\codeigniter4\framework\system\CodeIgniter.php(951): App\Controllers\PasswordResetController->requestAdmin()
#9 C:\Users\Admin\Desktop\Lodging-Management-System\vendor\codeigniter4\framework\system\CodeIgniter.php(497): CodeIgniter\CodeIgniter->runController(Object(App\Controllers\PasswordResetController))
#10 C:\Users\Admin\Desktop\Lodging-Management-System\vendor\codeigniter4\framework\system\CodeIgniter.php(340): CodeIgniter\CodeIgniter->handleRequest(NULL, Object(Config\Cache), false)
#11 C:\Users\Admin\Desktop\Lodging-Management-System\vendor\codeigniter4\framework\system\Boot.php(417): CodeIgniter\CodeIgniter->run()
#12 C:\Users\Admin\Desktop\Lodging-Management-System\vendor\codeigniter4\framework\system\Boot.php(68): CodeIgniter\Boot::runCodeIgniter(Object(CodeIgniter\CodeIgniter))
#13 C:\Users\Admin\Desktop\Lodging-Management-System\public\index.php(59): CodeIgniter\Boot::bootWeb(Object(Config\Paths))
#14 C:\Users\Admin\Desktop\Lodging-Management-System\vendor\codeigniter4\framework\system\rewrite.php(44): require_once('C:\\Users\\Admin\\...')
#15 {main}
ERROR - 2026-04-29 09:03:32 --> Email: Unable to send email using PHP mail(). Your server might not be configured to send mail using this method.
ERROR - 2026-04-29 09:03:32 --> 
NOTICE - 2026-04-29 09:03:32 --> Development password reset email OTP for a****@lodging.test: 290660
DEBUG - 2026-04-29 09:03:33 --> Session: Class initialized using 'CodeIgniter\Session\Handlers\FileHandler' driver.
INFO - 2026-04-29 09:03:34 --> CSRF token verified.
DEBUG - 2026-04-29 09:03:34 --> Session: Class initialized using 'CodeIgniter\Session\Handlers\FileHandler' driver.
DEBUG - 2026-04-29 09:03:35 --> Session: Class initialized using 'CodeIgniter\Session\Handlers\FileHandler' driver.
INFO - 2026-04-29 09:03:35 --> CSRF token verified.
DEBUG - 2026-04-29 09:03:36 --> Session: Class initialized using 'CodeIgniter\Session\Handlers\FileHandler' driver.
DEBUG - 2026-04-29 09:05:50 --> Session: Class initialized using 'CodeIgniter\Session\Handlers\FileHandler' driver.
DEBUG - 2026-04-29 09:06:03 --> Session: Class initialized using 'CodeIgniter\Session\Handlers\FileHandler' driver.
DEBUG - 2026-04-29 09:06:25 --> Session: Class initialized using 'CodeIgniter\Session\Handlers\FileHandler' driver.
DEBUG - 2026-04-29 09:06:33 --> Session: Class initialized using 'CodeIgniter\Session\Handlers\FileHandler' driver.
INFO - 2026-04-29 09:07:53 --> CSRF token verified.
DEBUG - 2026-04-29 09:07:53 --> Session: Class initialized using 'CodeIgniter\Session\Handlers\FileHandler' driver.
DEBUG - 2026-04-29 09:07:54 --> Session: Class initialized using 'CodeIgniter\Session\Handlers\FileHandler' driver.
DEBUG - 2026-04-29 09:08:06 --> Session: Class initialized using 'CodeIgniter\Session\Handlers\FileHandler' driver.
DEBUG - 2026-04-29 09:08:08 --> Session: Class initialized using 'CodeIgniter\Session\Handlers\FileHandler' driver.
DEBUG - 2026-04-29 09:08:14 --> Session: Class initialized using 'CodeIgniter\Session\Handlers\FileHandler' driver.
DEBUG - 2026-04-29 09:08:22 --> Session: Class initialized using 'CodeIgniter\Session\Handlers\FileHandler' driver.
DEBUG - 2026-04-29 09:08:27 --> Session: Class initialized using 'CodeIgniter\Session\Handlers\FileHandler' driver.
DEBUG - 2026-04-29 09:08:33 --> Session: Class initialized using 'CodeIgniter\Session\Handlers\FileHandler' driver.
DEBUG - 2026-04-29 09:08:53 --> Session: Class initialized using 'CodeIgniter\Session\Handlers\FileHandler' driver.
INFO - 2026-04-29 09:10:18 --> CSRF token verified.
DEBUG - 2026-04-29 09:10:18 --> Session: Class initialized using 'CodeIgniter\Session\Handlers\FileHandler' driver.
DEBUG - 2026-04-29 09:10:19 --> Session: Class initialized using 'CodeIgniter\Session\Handlers\FileHandler' driver.
DEBUG - 2026-04-29 09:10:26 --> Session: Class initialized using 'CodeIgniter\Session\Handlers\FileHandler' driver.
INFO - 2026-04-29 09:10:39 --> CSRF token verified.
DEBUG - 2026-04-29 09:10:39 --> Session: Class initialized using 'CodeIgniter\Session\Handlers\FileHandler' driver.
ERROR - 2026-04-29 09:10:42 --> Email: sendWithMail throwed ErrorException: mail(): Failed to connect to mailserver at &quot;localhost&quot; port 25, verify your &quot;SMTP&quot; and &quot;smtp_port&quot; setting in php.ini or use ini_set() in C:\Users\Admin\Desktop\Lodging-Management-System\vendor\codeigniter4\framework\system\Email\Email.php:1776
Stack trace:
#0 [internal function]: CodeIgniter\Debug\Exceptions->errorHandler(2, 'mail(): Failed ...', 'C:\\Users\\Admin\\...', 1776)
#1 C:\Users\Admin\Desktop\Lodging-Management-System\vendor\codeigniter4\framework\system\Email\Email.php(1776): mail('yasterjoshua@gm...', '=?UTF-8?Q?Your=...', 'Hello Yaster Jo...', 'Date: Wed, 29 A...', '-f no-reply@lod...')
#2 C:\Users\Admin\Desktop\Lodging-Management-System\vendor\codeigniter4\framework\system\Email\Email.php(1708): CodeIgniter\Email\Email->sendWithMail()
#3 C:\Users\Admin\Desktop\Lodging-Management-System\vendor\codeigniter4\framework\system\Email\Email.php(1602): CodeIgniter\Email\Email->spoolEmail()
#4 C:\Users\Admin\Desktop\Lodging-Management-System\app\Controllers\PasswordResetController.php(463): CodeIgniter\Email\Email->send(false)
#5 C:\Users\Admin\Desktop\Lodging-Management-System\app\Controllers\PasswordResetController.php(439): App\Controllers\PasswordResetController->sendEmailOtp('yasterjoshua@gm...', 'Yaster Joshua S...', '983222')
#6 C:\Users\Admin\Desktop\Lodging-Management-System\app\Controllers\PasswordResetController.php(162): App\Controllers\PasswordResetController->deliverOtp('tenant', Array, 'email', 'yasterjoshua@gm...', '983222')
#7 C:\Users\Admin\Desktop\Lodging-Management-System\app\Controllers\PasswordResetController.php(27): App\Controllers\PasswordResetController->requestReset('tenant')
#8 C:\Users\Admin\Desktop\Lodging-Management-System\vendor\codeigniter4\framework\system\CodeIgniter.php(951): App\Controllers\PasswordResetController->requestTenant()
#9 C:\Users\Admin\Desktop\Lodging-Management-System\vendor\codeigniter4\framework\system\CodeIgniter.php(497): CodeIgniter\CodeIgniter->runController(Object(App\Controllers\PasswordResetController))
#10 C:\Users\Admin\Desktop\Lodging-Management-System\vendor\codeigniter4\framework\system\CodeIgniter.php(340): CodeIgniter\CodeIgniter->handleRequest(NULL, Object(Config\Cache), false)
#11 C:\Users\Admin\Desktop\Lodging-Management-System\vendor\codeigniter4\framework\system\Boot.php(417): CodeIgniter\CodeIgniter->run()
#12 C:\Users\Admin\Desktop\Lodging-Management-System\vendor\codeigniter4\framework\system\Boot.php(68): CodeIgniter\Boot::runCodeIgniter(Object(CodeIgniter\CodeIgniter))
#13 C:\Users\Admin\Desktop\Lodging-Management-System\public\index.php(59): CodeIgniter\Boot::bootWeb(Object(Config\Paths))
#14 C:\Users\Admin\Desktop\Lodging-Management-System\vendor\codeigniter4\framework\system\rewrite.php(44): require_once('C:\\Users\\Admin\\...')
#15 {main}
ERROR - 2026-04-29 09:10:42 --> Email: Unable to send email using PHP mail(). Your server might not be configured to send mail using this method.
ERROR - 2026-04-29 09:10:42 --> 
NOTICE - 2026-04-29 09:10:42 --> Development password reset email OTP for y***********@gmail.com: 983222
DEBUG - 2026-04-29 09:10:42 --> Session: Class initialized using 'CodeIgniter\Session\Handlers\FileHandler' driver.
INFO - 2026-04-29 09:14:29 --> CSRF token verified.
DEBUG - 2026-04-29 09:14:29 --> Session: Class initialized using 'CodeIgniter\Session\Handlers\FileHandler' driver.
DEBUG - 2026-04-29 09:14:30 --> Session: Class initialized using 'CodeIgniter\Session\Handlers\FileHandler' driver.
INFO - 2026-04-29 09:14:44 --> CSRF token verified.
DEBUG - 2026-04-29 09:14:44 --> Session: Class initialized using 'CodeIgniter\Session\Handlers\FileHandler' driver.
DEBUG - 2026-04-29 09:14:44 --> Session: Class initialized using 'CodeIgniter\Session\Handlers\FileHandler' driver.
INFO - 2026-04-29 09:14:58 --> CSRF token verified.
DEBUG - 2026-04-29 09:14:58 --> Session: Class initialized using 'CodeIgniter\Session\Handlers\FileHandler' driver.
DEBUG - 2026-04-29 09:14:58 --> Session: Class initialized using 'CodeIgniter\Session\Handlers\FileHandler' driver.
INFO - 2026-04-29 09:15:04 --> CSRF token verified.
DEBUG - 2026-04-29 09:15:04 --> Session: Class initialized using 'CodeIgniter\Session\Handlers\FileHandler' driver.
DEBUG - 2026-04-29 09:15:05 --> Session: Class initialized using 'CodeIgniter\Session\Handlers\FileHandler' driver.
INFO - 2026-04-29 09:15:16 --> CSRF token verified.
DEBUG - 2026-04-29 09:15:16 --> Session: Class initialized using 'CodeIgniter\Session\Handlers\FileHandler' driver.
DEBUG - 2026-04-29 09:15:17 --> Session: Class initialized using 'CodeIgniter\Session\Handlers\FileHandler' driver.
INFO - 2026-04-29 09:15:23 --> CSRF token verified.
DEBUG - 2026-04-29 09:15:23 --> Session: Class initialized using 'CodeIgniter\Session\Handlers\FileHandler' driver.
DEBUG - 2026-04-29 09:15:24 --> Session: Class initialized using 'CodeIgniter\Session\Handlers\FileHandler' driver.
INFO - 2026-04-29 09:15:45 --> CSRF token verified.
DEBUG - 2026-04-29 09:15:45 --> Session: Class initialized using 'CodeIgniter\Session\Handlers\FileHandler' driver.
NOTICE - 2026-04-29 09:15:45 --> Development password reset SMS OTP for tenant user #5 at *******2977: 429977
DEBUG - 2026-04-29 09:15:45 --> Session: Class initialized using 'CodeIgniter\Session\Handlers\FileHandler' driver.
DEBUG - 2026-04-29 09:16:29 --> Session: Class initialized using 'CodeIgniter\Session\Handlers\FileHandler' driver.
INFO - 2026-04-29 09:22:32 --> CSRF token verified.
DEBUG - 2026-04-29 09:22:32 --> Session: Class initialized using 'CodeIgniter\Session\Handlers\FileHandler' driver.
ERROR - 2026-04-29 09:22:35 --> Email: sendWithMail throwed ErrorException: mail(): Failed to connect to mailserver at &quot;localhost&quot; port 25, verify your &quot;SMTP&quot; and &quot;smtp_port&quot; setting in php.ini or use ini_set() in C:\Users\Admin\Desktop\Lodging-Management-System\vendor\codeigniter4\framework\system\Email\Email.php:1776
Stack trace:
#0 [internal function]: CodeIgniter\Debug\Exceptions->errorHandler(2, 'mail(): Failed ...', 'C:\\Users\\Admin\\...', 1776)
#1 C:\Users\Admin\Desktop\Lodging-Management-System\vendor\codeigniter4\framework\system\Email\Email.php(1776): mail('yasterjoshua@gm...', '=?UTF-8?Q?Your=...', 'Hello Yaster Jo...', 'Date: Wed, 29 A...', '-f no-reply@lod...')
#2 C:\Users\Admin\Desktop\Lodging-Management-System\vendor\codeigniter4\framework\system\Email\Email.php(1708): CodeIgniter\Email\Email->sendWithMail()
#3 C:\Users\Admin\Desktop\Lodging-Management-System\vendor\codeigniter4\framework\system\Email\Email.php(1602): CodeIgniter\Email\Email->spoolEmail()
#4 C:\Users\Admin\Desktop\Lodging-Management-System\app\Controllers\PasswordResetController.php(463): CodeIgniter\Email\Email->send(false)
#5 C:\Users\Admin\Desktop\Lodging-Management-System\app\Controllers\PasswordResetController.php(439): App\Controllers\PasswordResetController->sendEmailOtp('yasterjoshua@gm...', 'Yaster Joshua S...', '608379')
#6 C:\Users\Admin\Desktop\Lodging-Management-System\app\Controllers\PasswordResetController.php(162): App\Controllers\PasswordResetController->deliverOtp('tenant', Array, 'email', 'yasterjoshua@gm...', '608379')
#7 C:\Users\Admin\Desktop\Lodging-Management-System\app\Controllers\PasswordResetController.php(27): App\Controllers\PasswordResetController->requestReset('tenant')
#8 C:\Users\Admin\Desktop\Lodging-Management-System\vendor\codeigniter4\framework\system\CodeIgniter.php(951): App\Controllers\PasswordResetController->requestTenant()
#9 C:\Users\Admin\Desktop\Lodging-Management-System\vendor\codeigniter4\framework\system\CodeIgniter.php(497): CodeIgniter\CodeIgniter->runController(Object(App\Controllers\PasswordResetController))
#10 C:\Users\Admin\Desktop\Lodging-Management-System\vendor\codeigniter4\framework\system\CodeIgniter.php(340): CodeIgniter\CodeIgniter->handleRequest(NULL, Object(Config\Cache), false)
#11 C:\Users\Admin\Desktop\Lodging-Management-System\vendor\codeigniter4\framework\system\Boot.php(417): CodeIgniter\CodeIgniter->run()
#12 C:\Users\Admin\Desktop\Lodging-Management-System\vendor\codeigniter4\framework\system\Boot.php(68): CodeIgniter\Boot::runCodeIgniter(Object(CodeIgniter\CodeIgniter))
#13 C:\Users\Admin\Desktop\Lodging-Management-System\public\index.php(59): CodeIgniter\Boot::bootWeb(Object(Config\Paths))
#14 C:\Users\Admin\Desktop\Lodging-Management-System\vendor\codeigniter4\framework\system\rewrite.php(44): require_once('C:\\Users\\Admin\\...')
#15 {main}
ERROR - 2026-04-29 09:22:35 --> Email: Unable to send email using PHP mail(). Your server might not be configured to send mail using this method.
ERROR - 2026-04-29 09:22:35 --> 
NOTICE - 2026-04-29 09:22:35 --> Development password reset email OTP for y***********@gmail.com: 608379
DEBUG - 2026-04-29 09:22:35 --> Session: Class initialized using 'CodeIgniter\Session\Handlers\FileHandler' driver.
DEBUG - 2026-04-29 09:27:04 --> Session: Class initialized using 'CodeIgniter\Session\Handlers\FileHandler' driver.
DEBUG - 2026-04-29 09:27:04 --> Session: Class initialized using 'CodeIgniter\Session\Handlers\FileHandler' driver.
DEBUG - 2026-04-29 09:29:22 --> Session: Class initialized using 'CodeIgniter\Session\Handlers\FileHandler' driver.
DEBUG - 2026-04-29 09:29:23 --> Session: Class initialized using 'CodeIgniter\Session\Handlers\FileHandler' driver.
DEBUG - 2026-04-29 09:29:29 --> Session: Class initialized using 'CodeIgniter\Session\Handlers\FileHandler' driver.
DEBUG - 2026-04-29 09:29:54 --> Session: Class initialized using 'CodeIgniter\Session\Handlers\FileHandler' driver.
DEBUG - 2026-04-29 09:51:00 --> Session: Class initialized using 'CodeIgniter\Session\Handlers\FileHandler' driver.
DEBUG - 2026-04-29 09:55:09 --> Session: Class initialized using 'CodeIgniter\Session\Handlers\FileHandler' driver.
DEBUG - 2026-04-29 09:55:11 --> Session: Class initialized using 'CodeIgniter\Session\Handlers\FileHandler' driver.
